# JRE version: OpenJDK Runtime Environment Temurin-17.0.11+9 (17.0.11+9) (build 17.0.11+9)
# Java VM: OpenJDK 64-Bit Server VM Temurin-17.0.11+9 (17.0.11+9, mixed mode, tiered, compressed oops, compressed class ptrs, parallel gc, windows-amd64)
GC Precious Log:
 CPUs: 8 total, 8 available
 Memory: 8014M
 Large Page Support: Disabled
 NUMA Support: Disabled
 Compressed Oops: Enabled (32-bit)
 Alignments: Space 512K, Generation 512K, Heap 2M
 Heap Min Capacity: 100M
 Heap Initial Capacity: 100M
 Heap Max Capacity: 1G
 Pre-touch: Disabled
 Parallel Workers: 8
Heap:
 PSYoungGen      total 6144K, used 3228K [0x00000000eab00000, 0x00000000eb300000, 0x0000000100000000)
  eden space 5120K, 49% used [0x00000000eab00000,0x00000000ead77170,0x00000000eb000000)
  from space 1024K, 68% used [0x00000000eb100000,0x00000000eb1b0020,0x00000000eb200000)
  to   space 1024K, 0% used [0x00000000eb200000,0x00000000eb200000,0x00000000eb300000)
 ParOldGen       total 334336K, used 291365K [0x00000000c0000000, 0x00000000d4680000, 0x00000000eab00000)
  object space 334336K, 87% used [0x00000000c0000000,0x00000000d1c894c0,0x00000000d4680000)
 Metaspace       used 96861K, committed 98368K, reserved 1179648K
  class space    used 9556K, committed 10240K, reserved 1048576K
GC Heap History (20 events):
Event: 687.875 GC heap before
{Heap before GC invocations=4672 (full 112):
 PSYoungGen      total 6144K, used 5696K [0x00000000eab00000, 0x00000000eb200000, 0x0000000100000000)
  eden space 5120K, 100% used [0x00000000eab00000,0x00000000eb000000,0x00000000eb000000)
  from space 1024K, 56% used [0x00000000eb000000,0x00000000eb090000,0x00000000eb100000)
  to   space 1024K, 0% used [0x00000000eb100000,0x00000000eb100000,0x00000000eb200000)
 ParOldGen       total 334336K, used 282206K [0x00000000c0000000, 0x00000000d4680000, 0x00000000eab00000)
  object space 334336K, 84% used [0x00000000c0000000,0x00000000d1397960,0x00000000d4680000)
 Metaspace       used 96854K, committed 98368K, reserved 1179648K
  class space    used 9556K, committed 10240K, reserved 1048576K
}
Event: 687.877 GC heap after
{Heap after GC invocations=4672 (full 112):
 PSYoungGen      total 6144K, used 656K [0x00000000eab00000, 0x00000000eb200000, 0x0000000100000000)
  eden space 5120K, 0% used [0x00000000eab00000,0x00000000eab00000,0x00000000eb000000)
  from space 1024K, 64% used [0x00000000eb100000,0x00000000eb1a4010,0x00000000eb200000)
  to   space 1024K, 0% used [0x00000000eb000000,0x00000000eb000000,0x00000000eb100000)
 ParOldGen       total 334336K, used 282670K [0x00000000c0000000, 0x00000000d4680000, 0x00000000eab00000)
  object space 334336K, 84% used [0x00000000c0000000,0x00000000d140b9e0,0x00000000d4680000)
 Metaspace       used 96854K, committed 98368K, reserved 1179648K
  class space    used 9556K, committed 10240K, reserved 1048576K
}
Event: 688.194 GC heap before
{Heap before GC invocations=4673 (full 112):
 PSYoungGen      total 6144K, used 5776K [0x00000000eab00000, 0x00000000eb200000, 0x0000000100000000)
  eden space 5120K, 100% used [0x00000000eab00000,0x00000000eb000000,0x00000000eb000000)
  from space 1024K, 64% used [0x00000000eb100000,0x00000000eb1a4010,0x00000000eb200000)
  to   space 1024K, 0% used [0x00000000eb000000,0x00000000eb000000,0x00000000eb100000)
 ParOldGen       total 334336K, used 282670K [0x00000000c0000000, 0x00000000d4680000, 0x00000000eab00000)
  object space 334336K, 84% used [0x00000000c0000000,0x00000000d140b9e0,0x00000000d4680000)
 Metaspace       used 96859K, committed 98368K, reserved 1179648K
  class space    used 9556K, committed 10240K, reserved 1048576K
}
Event: 688.197 GC heap after
{Heap after GC invocations=4673 (full 112):
 PSYoungGen      total 6144K, used 1014K [0x00000000eab00000, 0x00000000eb800000, 0x0000000100000000)
  eden space 5120K, 0% used [0x00000000eab00000,0x00000000eab00000,0x00000000eb000000)
  from space 1024K, 99% used [0x00000000eb000000,0x00000000eb0fda40,0x00000000eb100000)
  to   space 4096K, 0% used [0x00000000eb400000,0x00000000eb400000,0x00000000eb800000)
 ParOldGen       total 334336K, used 284934K [0x00000000c0000000, 0x00000000d4680000, 0x00000000eab00000)
  object space 334336K, 85% used [0x00000000c0000000,0x00000000d1641a20,0x00000000d4680000)
 Metaspace       used 96859K, committed 98368K, reserved 1179648K
  class space    used 9556K, committed 10240K, reserved 1048576K
}
Event: 688.230 GC heap before
{Heap before GC invocations=4674 (full 112):
 PSYoungGen      total 6144K, used 6134K [0x00000000eab00000, 0x00000000eb800000, 0x0000000100000000)
  eden space 5120K, 100% used [0x00000000eab00000,0x00000000eb000000,0x00000000eb000000)
  from space 1024K, 99% used [0x00000000eb000000,0x00000000eb0fda40,0x00000000eb100000)
  to   space 4096K, 0% used [0x00000000eb400000,0x00000000eb400000,0x00000000eb800000)
 ParOldGen       total 334336K, used 284934K [0x00000000c0000000, 0x00000000d4680000, 0x00000000eab00000)
  object space 334336K, 85% used [0x00000000c0000000,0x00000000d1641a20,0x00000000d4680000)
 Metaspace       used 96859K, committed 98368K, reserved 1179648K
  class space    used 9556K, committed 10240K, reserved 1048576K
}
Event: 688.234 GC heap after
{Heap after GC invocations=4674 (full 112):
 PSYoungGen      total 8192K, used 2938K [0x00000000eab00000, 0x00000000eb700000, 0x0000000100000000)
  eden space 5120K, 0% used [0x00000000eab00000,0x00000000eab00000,0x00000000eb000000)
  from space 3072K, 95% used [0x00000000eb400000,0x00000000eb6de900,0x00000000eb700000)
  to   space 3072K, 0% used [0x00000000eb100000,0x00000000eb100000,0x00000000eb400000)
 ParOldGen       total 334336K, used 285914K [0x00000000c0000000, 0x00000000d4680000, 0x00000000eab00000)
  object space 334336K, 85% used [0x00000000c0000000,0x00000000d1736b60,0x00000000d4680000)
 Metaspace       used 96859K, committed 98368K, reserved 1179648K
  class space    used 9556K, committed 10240K, reserved 1048576K
}
Event: 688.250 GC heap before
{Heap before GC invocations=4675 (full 112):
 PSYoungGen      total 8192K, used 8058K [0x00000000eab00000, 0x00000000eb700000, 0x0000000100000000)
  eden space 5120K, 100% used [0x00000000eab00000,0x00000000eb000000,0x00000000eb000000)
  from space 3072K, 95% used [0x00000000eb400000,0x00000000eb6de900,0x00000000eb700000)
  to   space 3072K, 0% used [0x00000000eb100000,0x00000000eb100000,0x00000000eb400000)
 ParOldGen       total 334336K, used 285914K [0x00000000c0000000, 0x00000000d4680000, 0x00000000eab00000)
  object space 334336K, 85% used [0x00000000c0000000,0x00000000d1736b60,0x00000000d4680000)
 Metaspace       used 96859K, committed 98368K, reserved 1179648K
  class space    used 9556K, committed 10240K, reserved 1048576K
}
Event: 688.256 GC heap after
{Heap after GC invocations=4675 (full 112):
 PSYoungGen      total 5632K, used 480K [0x00000000eab00000, 0x00000000eb480000, 0x0000000100000000)
  eden space 5120K, 0% used [0x00000000eab00000,0x00000000eab00000,0x00000000eb000000)
  from space 512K, 93% used [0x00000000eb100000,0x00000000eb178000,0x00000000eb180000)
  to   space 1536K, 0% used [0x00000000eb300000,0x00000000eb300000,0x00000000eb480000)
 ParOldGen       total 334336K, used 288751K [0x00000000c0000000, 0x00000000d4680000, 0x00000000eab00000)
  object space 334336K, 86% used [0x00000000c0000000,0x00000000d19fbd60,0x00000000d4680000)
 Metaspace       used 96859K, committed 98368K, reserved 1179648K
  class space    used 9556K, committed 10240K, reserved 1048576K
}
Event: 688.277 GC heap before
{Heap before GC invocations=4676 (full 112):
 PSYoungGen      total 5632K, used 5600K [0x00000000eab00000, 0x00000000eb480000, 0x0000000100000000)
  eden space 5120K, 100% used [0x00000000eab00000,0x00000000eb000000,0x00000000eb000000)
  from space 512K, 93% used [0x00000000eb100000,0x00000000eb178000,0x00000000eb180000)
  to   space 1536K, 0% used [0x00000000eb300000,0x00000000eb300000,0x00000000eb480000)
 ParOldGen       total 334336K, used 288751K [0x00000000c0000000, 0x00000000d4680000, 0x00000000eab00000)
  object space 334336K, 86% used [0x00000000c0000000,0x00000000d19fbd60,0x00000000d4680000)
 Metaspace       used 96859K, committed 98368K, reserved 1179648K
  class space    used 9556K, committed 10240K, reserved 1048576K
}
Event: 688.280 GC heap after
{Heap after GC invocations=4676 (full 112):
 PSYoungGen      total 6144K, used 544K [0x00000000eab00000, 0x00000000eb400000, 0x0000000100000000)
  eden space 5120K, 0% used [0x00000000eab00000,0x00000000eab00000,0x00000000eb000000)
  from space 1024K, 53% used [0x00000000eb300000,0x00000000eb388000,0x00000000eb400000)
  to   space 1024K, 0% used [0x00000000eb200000,0x00000000eb200000,0x00000000eb300000)
 ParOldGen       total 334336K, used 289127K [0x00000000c0000000, 0x00000000d4680000, 0x00000000eab00000)
  object space 334336K, 86% used [0x00000000c0000000,0x00000000d1a59d80,0x00000000d4680000)
 Metaspace       used 96859K, committed 98368K, reserved 1179648K
  class space    used 9556K, committed 10240K, reserved 1048576K
}
Event: 688.301 GC heap before
{Heap before GC invocations=4677 (full 112):
 PSYoungGen      total 6144K, used 5664K [0x00000000eab00000, 0x00000000eb400000, 0x0000000100000000)
  eden space 5120K, 100% used [0x00000000eab00000,0x00000000eb000000,0x00000000eb000000)
  from space 1024K, 53% used [0x00000000eb300000,0x00000000eb388000,0x00000000eb400000)
  to   space 1024K, 0% used [0x00000000eb200000,0x00000000eb200000,0x00000000eb300000)
 ParOldGen       total 334336K, used 289127K [0x00000000c0000000, 0x00000000d4680000, 0x00000000eab00000)
  object space 334336K, 86% used [0x00000000c0000000,0x00000000d1a59d80,0x00000000d4680000)
 Metaspace       used 96859K, committed 98368K, reserved 1179648K
  class space    used 9556K, committed 10240K, reserved 1048576K
}
Event: 688.304 GC heap after
{Heap after GC invocations=4677 (full 112):
 PSYoungGen      total 6144K, used 836K [0x00000000eab00000, 0x00000000eb380000, 0x0000000100000000)
  eden space 5120K, 0% used [0x00000000eab00000,0x00000000eab00000,0x00000000eb000000)
  from space 1024K, 81% used [0x00000000eb200000,0x00000000eb2d1210,0x00000000eb300000)
  to   space 512K, 0% used [0x00000000eb300000,0x00000000eb300000,0x00000000eb380000)
 ParOldGen       total 334336K, used 289531K [0x00000000c0000000, 0x00000000d4680000, 0x00000000eab00000)
  object space 334336K, 86% used [0x00000000c0000000,0x00000000d1abedd0,0x00000000d4680000)
 Metaspace       used 96859K, committed 98368K, reserved 1179648K
  class space    used 9556K, committed 10240K, reserved 1048576K
}
Event: 688.325 GC heap before
{Heap before GC invocations=4678 (full 112):
 PSYoungGen      total 6144K, used 5956K [0x00000000eab00000, 0x00000000eb380000, 0x0000000100000000)
  eden space 5120K, 100% used [0x00000000eab00000,0x00000000eb000000,0x00000000eb000000)
  from space 1024K, 81% used [0x00000000eb200000,0x00000000eb2d1210,0x00000000eb300000)
  to   space 512K, 0% used [0x00000000eb300000,0x00000000eb300000,0x00000000eb380000)
 ParOldGen       total 334336K, used 289531K [0x00000000c0000000, 0x00000000d4680000, 0x00000000eab00000)
  object space 334336K, 86% used [0x00000000c0000000,0x00000000d1abedd0,0x00000000d4680000)
 Metaspace       used 96859K, committed 98368K, reserved 1179648K
  class space    used 9556K, committed 10240K, reserved 1048576K
}
Event: 688.327 GC heap after
{Heap after GC invocations=4678 (full 112):
 PSYoungGen      total 5632K, used 506K [0x00000000eab00000, 0x00000000eb380000, 0x0000000100000000)
  eden space 5120K, 0% used [0x00000000eab00000,0x00000000eab00000,0x00000000eb000000)
  from space 512K, 98% used [0x00000000eb300000,0x00000000eb37e900,0x00000000eb380000)
  to   space 1536K, 0% used [0x00000000eb080000,0x00000000eb080000,0x00000000eb200000)
 ParOldGen       total 334336K, used 290167K [0x00000000c0000000, 0x00000000d4680000, 0x00000000eab00000)
  object space 334336K, 86% used [0x00000000c0000000,0x00000000d1b5de20,0x00000000d4680000)
 Metaspace       used 96859K, committed 98368K, reserved 1179648K
  class space    used 9556K, committed 10240K, reserved 1048576K
}
Event: 688.342 GC heap before
{Heap before GC invocations=4679 (full 112):
 PSYoungGen      total 5632K, used 5626K [0x00000000eab00000, 0x00000000eb380000, 0x0000000100000000)
  eden space 5120K, 100% used [0x00000000eab00000,0x00000000eb000000,0x00000000eb000000)
  from space 512K, 98% used [0x00000000eb300000,0x00000000eb37e900,0x00000000eb380000)
  to   space 1536K, 0% used [0x00000000eb080000,0x00000000eb080000,0x00000000eb200000)
 ParOldGen       total 334336K, used 290167K [0x00000000c0000000, 0x00000000d4680000, 0x00000000eab00000)
  object space 334336K, 86% used [0x00000000c0000000,0x00000000d1b5de20,0x00000000d4680000)
 Metaspace       used 96859K, committed 98368K, reserved 1179648K
  class space    used 9556K, committed 10240K, reserved 1048576K
}
Event: 688.345 GC heap after
{Heap after GC invocations=4679 (full 112):
 PSYoungGen      total 6656K, used 416K [0x00000000eab00000, 0x00000000eb380000, 0x0000000100000000)
  eden space 5120K, 0% used [0x00000000eab00000,0x00000000eab00000,0x00000000eb000000)
  from space 1536K, 27% used [0x00000000eb080000,0x00000000eb0e8000,0x00000000eb200000)
  to   space 1024K, 0% used [0x00000000eb280000,0x00000000eb280000,0x00000000eb380000)
 ParOldGen       total 334336K, used 290673K [0x00000000c0000000, 0x00000000d4680000, 0x00000000eab00000)
  object space 334336K, 86% used [0x00000000c0000000,0x00000000d1bdc430,0x00000000d4680000)
 Metaspace       used 96859K, committed 98368K, reserved 1179648K
  class space    used 9556K, committed 10240K, reserved 1048576K
}
Event: 688.362 GC heap before
{Heap before GC invocations=4680 (full 112):
 PSYoungGen      total 6656K, used 5535K [0x00000000eab00000, 0x00000000eb380000, 0x0000000100000000)
  eden space 5120K, 99% used [0x00000000eab00000,0x00000000eafffff8,0x00000000eb000000)
  from space 1536K, 27% used [0x00000000eb080000,0x00000000eb0e8000,0x00000000eb200000)
  to   space 1024K, 0% used [0x00000000eb280000,0x00000000eb280000,0x00000000eb380000)
 ParOldGen       total 334336K, used 290673K [0x00000000c0000000, 0x00000000d4680000, 0x00000000eab00000)
  object space 334336K, 86% used [0x00000000c0000000,0x00000000d1bdc430,0x00000000d4680000)
 Metaspace       used 96859K, committed 98368K, reserved 1179648K
  class space    used 9556K, committed 10240K, reserved 1048576K
}
Event: 688.364 GC heap after
{Heap after GC invocations=4680 (full 112):
 PSYoungGen      total 5632K, used 512K [0x00000000eab00000, 0x00000000eb300000, 0x0000000100000000)
  eden space 5120K, 0% used [0x00000000eab00000,0x00000000eab00000,0x00000000eb000000)
  from space 512K, 100% used [0x00000000eb280000,0x00000000eb300000,0x00000000eb300000)
  to   space 1024K, 0% used [0x00000000eb100000,0x00000000eb100000,0x00000000eb200000)
 ParOldGen       total 334336K, used 290985K [0x00000000c0000000, 0x00000000d4680000, 0x00000000eab00000)
  object space 334336K, 87% used [0x00000000c0000000,0x00000000d1c2a470,0x00000000d4680000)
 Metaspace       used 96859K, committed 98368K, reserved 1179648K
  class space    used 9556K, committed 10240K, reserved 1048576K
}
Event: 688.383 GC heap before
{Heap before GC invocations=4681 (full 112):
 PSYoungGen      total 5632K, used 5632K [0x00000000eab00000, 0x00000000eb300000, 0x0000000100000000)
  eden space 5120K, 100% used [0x00000000eab00000,0x00000000eb000000,0x00000000eb000000)
  from space 512K, 100% used [0x00000000eb280000,0x00000000eb300000,0x00000000eb300000)
  to   space 1024K, 0% used [0x00000000eb100000,0x00000000eb100000,0x00000000eb200000)
 ParOldGen       total 334336K, used 290985K [0x00000000c0000000, 0x00000000d4680000, 0x00000000eab00000)
  object space 334336K, 87% used [0x00000000c0000000,0x00000000d1c2a470,0x00000000d4680000)
 Metaspace       used 96861K, committed 98368K, reserved 1179648K
  class space    used 9556K, committed 10240K, reserved 1048576K
}
Event: 688.385 GC heap after
{Heap after GC invocations=4681 (full 112):
 PSYoungGen      total 6144K, used 704K [0x00000000eab00000, 0x00000000eb300000, 0x0000000100000000)
  eden space 5120K, 0% used [0x00000000eab00000,0x00000000eab00000,0x00000000eb000000)
  from space 1024K, 68% used [0x00000000eb100000,0x00000000eb1b0020,0x00000000eb200000)
  to   space 1024K, 0% used [0x00000000eb200000,0x00000000eb200000,0x00000000eb300000)
 ParOldGen       total 334336K, used 291365K [0x00000000c0000000, 0x00000000d4680000, 0x00000000eab00000)
  object space 334336K, 87% used [0x00000000c0000000,0x00000000d1c894c0,0x00000000d4680000)
 Metaspace       used 96861K, committed 98368K, reserved 1179648K
  class space    used 9556K, committed 10240K, reserved 1048576K
}

